This file contains any messages produced by compilers while
running configure, to aid debugging if configure makes a mistake.

It was created by htop configure 3.0.6-dev, which was
generated by GNU Autoconf 2.71.  Invocation command line was

  $ ./configure --prefix=/data/data/com.termux/files/home/.local --disable-static ac_cv_lib_ncursesw6_addnwstr=yes LIBS=-landroid-support

## --------- ##
## Platform. ##
## --------- ##

hostname = localhost
uname -m = armv7l
uname -r = 3.10.9+20170517
uname -s = Linux
uname -v = #1 SMP PREEMPT Wed May 17 13:39:36 MSK 2017

/usr/bin/uname -p = unknown
/bin/uname -X     = unknown

/bin/arch              = unknown
/usr/bin/arch -k       = unknown
/usr/convex/getsysinfo = unknown
/usr/bin/hostinfo      = unknown
/bin/machine           = unknown
/usr/bin/oslevel       = unknown
/bin/universe          = unknown

PATH: /data/data/com.termux/files/home/.local/bin/
PATH: /data/data/com.termux/files/home/perl5/bin/
PATH: /data/data/com.termux/files/home/perl5/bin/
PATH: /data/data/com.termux/files/usr/bin/
PATH: /data/data/com.termux/files/usr/bin/applets/
PATH: ~/.local/bin/
PATH: /data/data/com.termux/files/usr/local/bin/
PATH: ~/.yarn/bin/
PATH: ~/.local/bin/
PATH: /data/data/com.termux/files/usr/local/bin/
PATH: ~/.yarn/bin/


## ----------- ##
## Core tests. ##
## ----------- ##

configure:2554: looking for aux files: compile missing install-sh config.guess config.sub
configure:2567:  trying ././
configure:2596:   ././compile found
configure:2596:   ././missing found
configure:2578:   ././install-sh found
configure:2596:   ././config.guess found
configure:2596:   ././config.sub found
configure:2721: checking build system type
configure:2736: result: armv7l-unknown-linux-gnueabi
configure:2756: checking host system type
configure:2770: result: armv7l-unknown-linux-gnueabi
configure:2790: checking target system type
configure:2804: result: armv7l-unknown-linux-gnueabi
configure:2848: checking for a BSD-compatible install
configure:2921: result: /data/data/com.termux/files/usr/bin/install -c
configure:2932: checking whether build environment is sane
configure:2987: result: yes
configure:3146: checking for a race-free mkdir -p
configure:3190: result: /data/data/com.termux/files/usr/bin/mkdir -p
configure:3197: checking for gawk
configure:3218: found /data/data/com.termux/files/usr/bin/gawk
configure:3229: result: gawk
configure:3240: checking whether make sets $(MAKE)
configure:3263: result: yes
configure:3293: checking whether make supports nested variables
configure:3311: result: yes
configure:3498: checking for gcc
configure:3519: found /data/data/com.termux/files/usr/bin/gcc
configure:3530: result: gcc
configure:3883: checking for C compiler version
configure:3892: gcc --version >&5
gcc (GCC) 8.3.0
Copyright (C) 2018 Free Software Foundation, Inc.
This is free software; see the source for copying conditions.  There is NO
warranty; not even for MERCHANTABILITY or FITNESS FOR A PARTICULAR PURPOSE.

configure:3903: $? = 0
configure:3892: gcc -v >&5
Reading specs from /data/data/com.termux/files/usr/lib/gcc/arm-linux-androideabi/8.3.0/specs
COLLECT_GCC=gcc
COLLECT_LTO_WRAPPER=/data/data/com.termux/files/usr/libexec/gcc/arm-linux-androideabi/8.3.0/lto-wrapper
Target: arm-linux-androideabi
Configured with: /home/builder/.termux-build/gcc-8/src/configure --disable-dependency-tracking --prefix=/data/data/com.termux/files/usr --libdir=/data/data/com.termux/files/usr/lib --disable-rpath --disable-rpath-hack --host=arm-linux-androideabi --enable-languages=c,ada,c++,fortran,jit,objc --with-system-zlib --disable-multilib --target=arm-linux-androideabi --with-libgfortran --enable-static --with-gmp=/data/data/com.termux/files/usr --with-mpfr=/data/data/com.termux/files/usr --with-mpc=/data/data/com.termux/files/usr --with-isl-include=/data/data/com.termux/files/usr/include --with-isl-lib=/data/data/com.termux/files/usr/lib --disable-isl-version-check --disable-libssp --with-stage1-ldflags=-specs=/home/builder/.termux-build/gcc-8/tmp/specs --disable-tls --enable-lto --enable-gold=yes --enable-libatomic --enable-libbacktrace --enable-host-shared --enable-host-libquadmath --enable-libatomic-ifuncs=no --enable-default-pie ac_cv_c_bigendian=no --with-libatomic --disable-libstdcxx --enable-version-specific-runtime-libs --enable-eh-frame-hdr-for-static --disable-libmpx -with-gxx-include-dir=/data/data/com.termux/files/usr/include/c++/v1 --with-arch=armv7-a --with-fpu=neon --with-float=softfp --enable-libssp --disable-nls --enable-shared --libexecdir=/data/data/com.termux/files/usr/libexec
Thread model: posix
gcc version 8.3.0 (GCC) 
configure:3903: $? = 0
configure:3892: gcc -V >&5
gcc: error: unrecognized command line option '-V'
gcc: fatal error: no input files
compilation terminated.
configure:3903: $? = 1
configure:3892: gcc -qversion >&5
gcc: error: unrecognized command line option '-qversion'; did you mean '--version'?
gcc: fatal error: no input files
compilation terminated.
configure:3903: $? = 1
configure:3892: gcc -version >&5
gcc: error: unrecognized command line option '-version'
gcc: fatal error: no input files
compilation terminated.
configure:3903: $? = 1
configure:3923: checking whether the C compiler works
configure:3945: gcc    conftest.c -landroid-support >&5
configure:3949: $? = 0
configure:3999: result: yes
configure:4002: checking for C compiler default output file name
configure:4004: result: a.out
configure:4010: checking for suffix of executables
configure:4017: gcc -o conftest    conftest.c -landroid-support >&5
configure:4021: $? = 0
configure:4044: result: 
configure:4066: checking whether we are cross compiling
configure:4074: gcc -o conftest    conftest.c -landroid-support >&5
configure:4078: $? = 0
configure:4085: ./conftest
WARNING: linker: ./conftest: unused DT entry: type 0x6ffffef5 arg 0x240
configure:4089: $? = 0
configure:4104: result: no
configure:4109: checking for suffix of object files
configure:4132: gcc -c   conftest.c >&5
configure:4136: $? = 0
configure:4158: result: o
configure:4162: checking whether the compiler supports GNU C
configure:4182: gcc -c   conftest.c >&5
configure:4182: $? = 0
configure:4192: result: yes
configure:4203: checking whether gcc accepts -g
configure:4224: gcc -c -g  conftest.c >&5
configure:4224: $? = 0
configure:4268: result: yes
configure:4288: checking for gcc option to enable C11 features
configure:4303: gcc  -c -g -O2  conftest.c >&5
configure:4303: $? = 0
configure:4321: result: none needed
configure:4437: checking whether gcc understands -c and -o together
configure:4460: gcc -c conftest.c -o conftest2.o
configure:4463: $? = 0
configure:4460: gcc -c conftest.c -o conftest2.o
configure:4463: $? = 0
configure:4475: result: yes
configure:4495: checking whether make supports the include directive
configure:4510: make -f confmf.GNU && cat confinc.out
this is the am__doit target
configure:4513: $? = 0
configure:4532: result: yes (GNU style)
configure:4558: checking dependency style of gcc
configure:4670: result: gcc3
configure:4693: checking for stdio.h
configure:4693: gcc -c -g -O2  conftest.c >&5
configure:4693: $? = 0
configure:4693: result: yes
configure:4693: checking for stdlib.h
configure:4693: gcc -c -g -O2  conftest.c >&5
configure:4693: $? = 0
configure:4693: result: yes
configure:4693: checking for string.h
configure:4693: gcc -c -g -O2  conftest.c >&5
configure:4693: $? = 0
configure:4693: result: yes
configure:4693: checking for inttypes.h
configure:4693: gcc -c -g -O2  conftest.c >&5
configure:4693: $? = 0
configure:4693: result: yes
configure:4693: checking for stdint.h
configure:4693: gcc -c -g -O2  conftest.c >&5
configure:4693: $? = 0
configure:4693: result: yes
configure:4693: checking for strings.h
configure:4693: gcc -c -g -O2  conftest.c >&5
configure:4693: $? = 0
configure:4693: result: yes
configure:4693: checking for sys/stat.h
configure:4693: gcc -c -g -O2  conftest.c >&5
configure:4693: $? = 0
configure:4693: result: yes
configure:4693: checking for sys/types.h
configure:4693: gcc -c -g -O2  conftest.c >&5
configure:4693: $? = 0
configure:4693: result: yes
configure:4693: checking for unistd.h
configure:4693: gcc -c -g -O2  conftest.c >&5
configure:4693: $? = 0
configure:4693: result: yes
configure:4693: checking for wchar.h
configure:4693: gcc -c -g -O2  conftest.c >&5
configure:4693: $? = 0
configure:4693: result: yes
configure:4693: checking for minix/config.h
configure:4693: gcc -c -g -O2  conftest.c >&5
conftest.c:49:10: fatal error: minix/config.h: No such file or directory
 #include <minix/config.h>
          ^~~~~~~~~~~~~~~~
compilation terminated.
configure:4693: $? = 1
configure: failed program was:
| /* confdefs.h */
| #define PACKAGE_NAME "htop"
| #define PACKAGE_TARNAME "htop"
| #define PACKAGE_VERSION "3.0.6-dev"
| #define PACKAGE_STRING "htop 3.0.6-dev"
| #define PACKAGE_BUGREPORT "htop@groups.io"
| #define PACKAGE_URL ""
| #define PACKAGE "htop"
| #define VERSION "3.0.6-dev"
| #define HAVE_STDIO_H 1
| #define HAVE_STDLIB_H 1
| #define HAVE_STRING_H 1
| #define HAVE_INTTYPES_H 1
| #define HAVE_STDINT_H 1
| #define HAVE_STRINGS_H 1
| #define HAVE_SYS_STAT_H 1
| #define HAVE_SYS_TYPES_H 1
| #define HAVE_UNISTD_H 1
| #define HAVE_WCHAR_H 1
| /* end confdefs.h.  */
| #include <stddef.h>
| #ifdef HAVE_STDIO_H
| # include <stdio.h>
| #endif
| #ifdef HAVE_STDLIB_H
| # include <stdlib.h>
| #endif
| #ifdef HAVE_STRING_H
| # include <string.h>
| #endif
| #ifdef HAVE_INTTYPES_H
| # include <inttypes.h>
| #endif
| #ifdef HAVE_STDINT_H
| # include <stdint.h>
| #endif
| #ifdef HAVE_STRINGS_H
| # include <strings.h>
| #endif
| #ifdef HAVE_SYS_TYPES_H
| # include <sys/types.h>
| #endif
| #ifdef HAVE_SYS_STAT_H
| # include <sys/stat.h>
| #endif
| #ifdef HAVE_UNISTD_H
| # include <unistd.h>
| #endif
| #include <minix/config.h>
configure:4693: result: no
configure:4724: checking whether it is safe to define __EXTENSIONS__
configure:4743: gcc -c -g -O2  conftest.c >&5
configure:4743: $? = 0
configure:4751: result: yes
configure:4754: checking whether _XOPEN_SOURCE should be defined
configure:4776: gcc -c -g -O2  conftest.c >&5
configure:4776: $? = 0
configure:4803: result: no
configure:4909: checking for ceil in -lm
configure:4932: gcc -o conftest -g -O2   conftest.c -lm  -landroid-support >&5
conftest.c:43:6: warning: conflicting types for built-in function 'ceil' [-Wbuiltin-declaration-mismatch]
 char ceil ();
      ^~~~
configure:4932: $? = 0
configure:4942: result: yes
configure:4960: checking for dirent.h that defines DIR
configure:4980: gcc -c -g -O2  conftest.c >&5
configure:4980: $? = 0
configure:4989: result: yes
configure:5003: checking for library containing opendir
configure:5033: gcc -o conftest -g -O2   conftest.c -lm -landroid-support >&5
configure:5033: $? = 0
configure:5053: result: none required
configure:5124: checking for grep that handles long lines and -e
configure:5188: result: /data/data/com.termux/files/usr/bin/grep
configure:5196: checking for egrep
configure:5264: result: /data/data/com.termux/files/usr/bin/grep -E
configure:5273: checking for stdlib.h
configure:5273: result: yes
configure:5273: checking for string.h
configure:5273: result: yes
configure:5273: checking for strings.h
configure:5273: result: yes
configure:5273: checking for sys/param.h
configure:5273: gcc -c -g -O2  conftest.c >&5
configure:5273: $? = 0
configure:5273: result: yes
configure:5273: checking for sys/time.h
configure:5273: gcc -c -g -O2  conftest.c >&5
configure:5273: $? = 0
configure:5273: result: yes
configure:5273: checking for unistd.h
configure:5273: result: yes
configure:5289: checking for execinfo.h
configure:5289: gcc -c -g -O2  conftest.c >&5
conftest.c:75:10: fatal error: execinfo.h: No such file or directory
 #include <execinfo.h>
          ^~~~~~~~~~~~
compilation terminated.
configure:5289: $? = 1
configure: failed program was:
| /* confdefs.h */
| #define PACKAGE_NAME "htop"
| #define PACKAGE_TARNAME "htop"
| #define PACKAGE_VERSION "3.0.6-dev"
| #define PACKAGE_STRING "htop 3.0.6-dev"
| #define PACKAGE_BUGREPORT "htop@groups.io"
| #define PACKAGE_URL ""
| #define PACKAGE "htop"
| #define VERSION "3.0.6-dev"
| #define HAVE_STDIO_H 1
| #define HAVE_STDLIB_H 1
| #define HAVE_STRING_H 1
| #define HAVE_INTTYPES_H 1
| #define HAVE_STDINT_H 1
| #define HAVE_STRINGS_H 1
| #define HAVE_SYS_STAT_H 1
| #define HAVE_SYS_TYPES_H 1
| #define HAVE_UNISTD_H 1
| #define HAVE_WCHAR_H 1
| #define STDC_HEADERS 1
| #define _ALL_SOURCE 1
| #define _DARWIN_C_SOURCE 1
| #define _GNU_SOURCE 1
| #define _HPUX_ALT_XOPEN_SOCKET_API 1
| #define _NETBSD_SOURCE 1
| #define _OPENBSD_SOURCE 1
| #define _POSIX_PTHREAD_SEMANTICS 1
| #define __STDC_WANT_IEC_60559_ATTRIBS_EXT__ 1
| #define __STDC_WANT_IEC_60559_BFP_EXT__ 1
| #define __STDC_WANT_IEC_60559_DFP_EXT__ 1
| #define __STDC_WANT_IEC_60559_FUNCS_EXT__ 1
| #define __STDC_WANT_IEC_60559_TYPES_EXT__ 1
| #define __STDC_WANT_LIB_EXT2__ 1
| #define __STDC_WANT_MATH_SPEC_FUNCS__ 1
| #define _TANDEM_SOURCE 1
| #define __EXTENSIONS__ 1
| #define HTOP_LINUX /**/
| #define HAVE_LIBM 1
| #define HAVE_DIRENT_H 1
| #define HAVE_STDLIB_H 1
| #define HAVE_STRING_H 1
| #define HAVE_STRINGS_H 1
| #define HAVE_SYS_PARAM_H 1
| #define HAVE_SYS_TIME_H 1
| #define HAVE_UNISTD_H 1
| /* end confdefs.h.  */
| #include <stddef.h>
| #ifdef HAVE_STDIO_H
| # include <stdio.h>
| #endif
| #ifdef HAVE_STDLIB_H
| # include <stdlib.h>
| #endif
| #ifdef HAVE_STRING_H
| # include <string.h>
| #endif
| #ifdef HAVE_INTTYPES_H
| # include <inttypes.h>
| #endif
| #ifdef HAVE_STDINT_H
| # include <stdint.h>
| #endif
| #ifdef HAVE_STRINGS_H
| # include <strings.h>
| #endif
| #ifdef HAVE_SYS_TYPES_H
| # include <sys/types.h>
| #endif
| #ifdef HAVE_SYS_STAT_H
| # include <sys/stat.h>
| #endif
| #ifdef HAVE_UNISTD_H
| # include <unistd.h>
| #endif
| #include <execinfo.h>
configure:5289: result: no
configure:5301: checking for sys/mkdev.h
configure:5301: gcc -c -g -O2  conftest.c >&5
conftest.c:75:10: fatal error: sys/mkdev.h: No such file or directory
 #include <sys/mkdev.h>
          ^~~~~~~~~~~~~
compilation terminated.
configure:5301: $? = 1
configure: failed program was:
| /* confdefs.h */
| #define PACKAGE_NAME "htop"
| #define PACKAGE_TARNAME "htop"
| #define PACKAGE_VERSION "3.0.6-dev"
| #define PACKAGE_STRING "htop 3.0.6-dev"
| #define PACKAGE_BUGREPORT "htop@groups.io"
| #define PACKAGE_URL ""
| #define PACKAGE "htop"
| #define VERSION "3.0.6-dev"
| #define HAVE_STDIO_H 1
| #define HAVE_STDLIB_H 1
| #define HAVE_STRING_H 1
| #define HAVE_INTTYPES_H 1
| #define HAVE_STDINT_H 1
| #define HAVE_STRINGS_H 1
| #define HAVE_SYS_STAT_H 1
| #define HAVE_SYS_TYPES_H 1
| #define HAVE_UNISTD_H 1
| #define HAVE_WCHAR_H 1
| #define STDC_HEADERS 1
| #define _ALL_SOURCE 1
| #define _DARWIN_C_SOURCE 1
| #define _GNU_SOURCE 1
| #define _HPUX_ALT_XOPEN_SOCKET_API 1
| #define _NETBSD_SOURCE 1
| #define _OPENBSD_SOURCE 1
| #define _POSIX_PTHREAD_SEMANTICS 1
| #define __STDC_WANT_IEC_60559_ATTRIBS_EXT__ 1
| #define __STDC_WANT_IEC_60559_BFP_EXT__ 1
| #define __STDC_WANT_IEC_60559_DFP_EXT__ 1
| #define __STDC_WANT_IEC_60559_FUNCS_EXT__ 1
| #define __STDC_WANT_IEC_60559_TYPES_EXT__ 1
| #define __STDC_WANT_LIB_EXT2__ 1
| #define __STDC_WANT_MATH_SPEC_FUNCS__ 1
| #define _TANDEM_SOURCE 1
| #define __EXTENSIONS__ 1
| #define HTOP_LINUX /**/
| #define HAVE_LIBM 1
| #define HAVE_DIRENT_H 1
| #define HAVE_STDLIB_H 1
| #define HAVE_STRING_H 1
| #define HAVE_STRINGS_H 1
| #define HAVE_SYS_PARAM_H 1
| #define HAVE_SYS_TIME_H 1
| #define HAVE_UNISTD_H 1
| /* end confdefs.h.  */
| #include <stddef.h>
| #ifdef HAVE_STDIO_H
| # include <stdio.h>
| #endif
| #ifdef HAVE_STDLIB_H
| # include <stdlib.h>
| #endif
| #ifdef HAVE_STRING_H
| # include <string.h>
| #endif
| #ifdef HAVE_INTTYPES_H
| # include <inttypes.h>
| #endif
| #ifdef HAVE_STDINT_H
| # include <stdint.h>
| #endif
| #ifdef HAVE_STRINGS_H
| # include <strings.h>
| #endif
| #ifdef HAVE_SYS_TYPES_H
| # include <sys/types.h>
| #endif
| #ifdef HAVE_SYS_STAT_H
| # include <sys/stat.h>
| #endif
| #ifdef HAVE_UNISTD_H
| # include <unistd.h>
| #endif
| #include <sys/mkdev.h>
configure:5301: result: no
configure:5310: checking for sys/sysmacros.h
configure:5310: gcc -c -g -O2  conftest.c >&5
configure:5310: $? = 0
configure:5310: result: yes
configure:5324: checking for _Bool
configure:5324: gcc -c -g -O2  conftest.c >&5
configure:5324: $? = 0
configure:5324: gcc -c -g -O2  conftest.c >&5
conftest.c: In function 'main':
conftest.c:79:20: error: expected expression before ')' token
 if (sizeof ((_Bool)))
                    ^
configure:5324: $? = 1
configure: failed program was:
| /* confdefs.h */
| #define PACKAGE_NAME "htop"
| #define PACKAGE_TARNAME "htop"
| #define PACKAGE_VERSION "3.0.6-dev"
| #define PACKAGE_STRING "htop 3.0.6-dev"
| #define PACKAGE_BUGREPORT "htop@groups.io"
| #define PACKAGE_URL ""
| #define PACKAGE "htop"
| #define VERSION "3.0.6-dev"
| #define HAVE_STDIO_H 1
| #define HAVE_STDLIB_H 1
| #define HAVE_STRING_H 1
| #define HAVE_INTTYPES_H 1
| #define HAVE_STDINT_H 1
| #define HAVE_STRINGS_H 1
| #define HAVE_SYS_STAT_H 1
| #define HAVE_SYS_TYPES_H 1
| #define HAVE_UNISTD_H 1
| #define HAVE_WCHAR_H 1
| #define STDC_HEADERS 1
| #define _ALL_SOURCE 1
| #define _DARWIN_C_SOURCE 1
| #define _GNU_SOURCE 1
| #define _HPUX_ALT_XOPEN_SOCKET_API 1
| #define _NETBSD_SOURCE 1
| #define _OPENBSD_SOURCE 1
| #define _POSIX_PTHREAD_SEMANTICS 1
| #define __STDC_WANT_IEC_60559_ATTRIBS_EXT__ 1
| #define __STDC_WANT_IEC_60559_BFP_EXT__ 1
| #define __STDC_WANT_IEC_60559_DFP_EXT__ 1
| #define __STDC_WANT_IEC_60559_FUNCS_EXT__ 1
| #define __STDC_WANT_IEC_60559_TYPES_EXT__ 1
| #define __STDC_WANT_LIB_EXT2__ 1
| #define __STDC_WANT_MATH_SPEC_FUNCS__ 1
| #define _TANDEM_SOURCE 1
| #define __EXTENSIONS__ 1
| #define HTOP_LINUX /**/
| #define HAVE_LIBM 1
| #define HAVE_DIRENT_H 1
| #define HAVE_STDLIB_H 1
| #define HAVE_STRING_H 1
| #define HAVE_STRINGS_H 1
| #define HAVE_SYS_PARAM_H 1
| #define HAVE_SYS_TIME_H 1
| #define HAVE_UNISTD_H 1
| #define MAJOR_IN_SYSMACROS 1
| /* end confdefs.h.  */
| #include <stddef.h>
| #ifdef HAVE_STDIO_H
| # include <stdio.h>
| #endif
| #ifdef HAVE_STDLIB_H
| # include <stdlib.h>
| #endif
| #ifdef HAVE_STRING_H
| # include <string.h>
| #endif
| #ifdef HAVE_INTTYPES_H
| # include <inttypes.h>
| #endif
| #ifdef HAVE_STDINT_H
| # include <stdint.h>
| #endif
| #ifdef HAVE_STRINGS_H
| # include <strings.h>
| #endif
| #ifdef HAVE_SYS_TYPES_H
| # include <sys/types.h>
| #endif
| #ifdef HAVE_SYS_STAT_H
| # include <sys/stat.h>
| #endif
| #ifdef HAVE_UNISTD_H
| # include <unistd.h>
| #endif
| int
| main (void)
| {
| if (sizeof ((_Bool)))
| 	    return 0;
|   ;
|   return 0;
| }
configure:5324: result: yes
configure:5333: checking for stdbool.h that conforms to C99
configure:5449: gcc -c -g -O2  conftest.c >&5
configure:5449: $? = 0
configure:5457: result: yes
configure:5466: checking for an ANSI C-conforming const
configure:5533: gcc -c -g -O2  conftest.c >&5
configure:5533: $? = 0
configure:5541: result: yes
configure:5550: checking for pid_t
configure:5550: gcc -c -g -O2  conftest.c >&5
configure:5550: $? = 0
configure:5550: gcc -c -g -O2  conftest.c >&5
conftest.c: In function 'main':
conftest.c:82:20: error: expected expression before ')' token
 if (sizeof ((pid_t)))
                    ^
configure:5550: $? = 1
configure: failed program was:
| /* confdefs.h */
| #define PACKAGE_NAME "htop"
| #define PACKAGE_TARNAME "htop"
| #define PACKAGE_VERSION "3.0.6-dev"
| #define PACKAGE_STRING "htop 3.0.6-dev"
| #define PACKAGE_BUGREPORT "htop@groups.io"
| #define PACKAGE_URL ""
| #define PACKAGE "htop"
| #define VERSION "3.0.6-dev"
| #define HAVE_STDIO_H 1
| #define HAVE_STDLIB_H 1
| #define HAVE_STRING_H 1
| #define HAVE_INTTYPES_H 1
| #define HAVE_STDINT_H 1
| #define HAVE_STRINGS_H 1
| #define HAVE_SYS_STAT_H 1
| #define HAVE_SYS_TYPES_H 1
| #define HAVE_UNISTD_H 1
| #define HAVE_WCHAR_H 1
| #define STDC_HEADERS 1
| #define _ALL_SOURCE 1
| #define _DARWIN_C_SOURCE 1
| #define _GNU_SOURCE 1
| #define _HPUX_ALT_XOPEN_SOCKET_API 1
| #define _NETBSD_SOURCE 1
| #define _OPENBSD_SOURCE 1
| #define _POSIX_PTHREAD_SEMANTICS 1
| #define __STDC_WANT_IEC_60559_ATTRIBS_EXT__ 1
| #define __STDC_WANT_IEC_60559_BFP_EXT__ 1
| #define __STDC_WANT_IEC_60559_DFP_EXT__ 1
| #define __STDC_WANT_IEC_60559_FUNCS_EXT__ 1
| #define __STDC_WANT_IEC_60559_TYPES_EXT__ 1
| #define __STDC_WANT_LIB_EXT2__ 1
| #define __STDC_WANT_MATH_SPEC_FUNCS__ 1
| #define _TANDEM_SOURCE 1
| #define __EXTENSIONS__ 1
| #define HTOP_LINUX /**/
| #define HAVE_LIBM 1
| #define HAVE_DIRENT_H 1
| #define HAVE_STDLIB_H 1
| #define HAVE_STRING_H 1
| #define HAVE_STRINGS_H 1
| #define HAVE_SYS_PARAM_H 1
| #define HAVE_SYS_TIME_H 1
| #define HAVE_UNISTD_H 1
| #define MAJOR_IN_SYSMACROS 1
| #define HAVE__BOOL 1
| #define HAVE_STDBOOL_H 1
| /* end confdefs.h.  */
| #include <stddef.h>
| #ifdef HAVE_STDIO_H
| # include <stdio.h>
| #endif
| #ifdef HAVE_STDLIB_H
| # include <stdlib.h>
| #endif
| #ifdef HAVE_STRING_H
| # include <string.h>
| #endif
| #ifdef HAVE_INTTYPES_H
| # include <inttypes.h>
| #endif
| #ifdef HAVE_STDINT_H
| # include <stdint.h>
| #endif
| #ifdef HAVE_STRINGS_H
| # include <strings.h>
| #endif
| #ifdef HAVE_SYS_TYPES_H
| # include <sys/types.h>
| #endif
| #ifdef HAVE_SYS_STAT_H
| # include <sys/stat.h>
| #endif
| #ifdef HAVE_UNISTD_H
| # include <unistd.h>
| #endif
| 
| int
| main (void)
| {
| if (sizeof ((pid_t)))
| 	    return 0;
|   ;
|   return 0;
| }
configure:5550: result: yes
configure:5591: checking how to run the C preprocessor
configure:5617: gcc -E  conftest.c
configure:5617: $? = 0
configure:5632: gcc -E  conftest.c
conftest.c:50:10: fatal error: ac_nonexistent.h: No such file or directory
 #include <ac_nonexistent.h>
          ^~~~~~~~~~~~~~~~~~
compilation terminated.
configure:5632: $? = 1
configure: failed program was:
| /* confdefs.h */
| #define PACKAGE_NAME "htop"
| #define PACKAGE_TARNAME "htop"
| #define PACKAGE_VERSION "3.0.6-dev"
| #define PACKAGE_STRING "htop 3.0.6-dev"
| #define PACKAGE_BUGREPORT "htop@groups.io"
| #define PACKAGE_URL ""
| #define PACKAGE "htop"
| #define VERSION "3.0.6-dev"
| #define HAVE_STDIO_H 1
| #define HAVE_STDLIB_H 1
| #define HAVE_STRING_H 1
| #define HAVE_INTTYPES_H 1
| #define HAVE_STDINT_H 1
| #define HAVE_STRINGS_H 1
| #define HAVE_SYS_STAT_H 1
| #define HAVE_SYS_TYPES_H 1
| #define HAVE_UNISTD_H 1
| #define HAVE_WCHAR_H 1
| #define STDC_HEADERS 1
| #define _ALL_SOURCE 1
| #define _DARWIN_C_SOURCE 1
| #define _GNU_SOURCE 1
| #define _HPUX_ALT_XOPEN_SOCKET_API 1
| #define _NETBSD_SOURCE 1
| #define _OPENBSD_SOURCE 1
| #define _POSIX_PTHREAD_SEMANTICS 1
| #define __STDC_WANT_IEC_60559_ATTRIBS_EXT__ 1
| #define __STDC_WANT_IEC_60559_BFP_EXT__ 1
| #define __STDC_WANT_IEC_60559_DFP_EXT__ 1
| #define __STDC_WANT_IEC_60559_FUNCS_EXT__ 1
| #define __STDC_WANT_IEC_60559_TYPES_EXT__ 1
| #define __STDC_WANT_LIB_EXT2__ 1
| #define __STDC_WANT_MATH_SPEC_FUNCS__ 1
| #define _TANDEM_SOURCE 1
| #define __EXTENSIONS__ 1
| #define HTOP_LINUX /**/
| #define HAVE_LIBM 1
| #define HAVE_DIRENT_H 1
| #define HAVE_STDLIB_H 1
| #define HAVE_STRING_H 1
| #define HAVE_STRINGS_H 1
| #define HAVE_SYS_PARAM_H 1
| #define HAVE_SYS_TIME_H 1
| #define HAVE_UNISTD_H 1
| #define MAJOR_IN_SYSMACROS 1
| #define HAVE__BOOL 1
| #define HAVE_STDBOOL_H 1
| /* end confdefs.h.  */
| #include <ac_nonexistent.h>
configure:5659: result: gcc -E
configure:5673: gcc -E  conftest.c
configure:5673: $? = 0
configure:5688: gcc -E  conftest.c
conftest.c:50:10: fatal error: ac_nonexistent.h: No such file or directory
 #include <ac_nonexistent.h>
          ^~~~~~~~~~~~~~~~~~
compilation terminated.
configure:5688: $? = 1
configure: failed program was:
| /* confdefs.h */
| #define PACKAGE_NAME "htop"
| #define PACKAGE_TARNAME "htop"
| #define PACKAGE_VERSION "3.0.6-dev"
| #define PACKAGE_STRING "htop 3.0.6-dev"
| #define PACKAGE_BUGREPORT "htop@groups.io"
| #define PACKAGE_URL ""
| #define PACKAGE "htop"
| #define VERSION "3.0.6-dev"
| #define HAVE_STDIO_H 1
| #define HAVE_STDLIB_H 1
| #define HAVE_STRING_H 1
| #define HAVE_INTTYPES_H 1
| #define HAVE_STDINT_H 1
| #define HAVE_STRINGS_H 1
| #define HAVE_SYS_STAT_H 1
| #define HAVE_SYS_TYPES_H 1
| #define HAVE_UNISTD_H 1
| #define HAVE_WCHAR_H 1
| #define STDC_HEADERS 1
| #define _ALL_SOURCE 1
| #define _DARWIN_C_SOURCE 1
| #define _GNU_SOURCE 1
| #define _HPUX_ALT_XOPEN_SOCKET_API 1
| #define _NETBSD_SOURCE 1
| #define _OPENBSD_SOURCE 1
| #define _POSIX_PTHREAD_SEMANTICS 1
| #define __STDC_WANT_IEC_60559_ATTRIBS_EXT__ 1
| #define __STDC_WANT_IEC_60559_BFP_EXT__ 1
| #define __STDC_WANT_IEC_60559_DFP_EXT__ 1
| #define __STDC_WANT_IEC_60559_FUNCS_EXT__ 1
| #define __STDC_WANT_IEC_60559_TYPES_EXT__ 1
| #define __STDC_WANT_LIB_EXT2__ 1
| #define __STDC_WANT_MATH_SPEC_FUNCS__ 1
| #define _TANDEM_SOURCE 1
| #define __EXTENSIONS__ 1
| #define HTOP_LINUX /**/
| #define HAVE_LIBM 1
| #define HAVE_DIRENT_H 1
| #define HAVE_STDLIB_H 1
| #define HAVE_STRING_H 1
| #define HAVE_STRINGS_H 1
| #define HAVE_SYS_PARAM_H 1
| #define HAVE_SYS_TIME_H 1
| #define HAVE_UNISTD_H 1
| #define MAJOR_IN_SYSMACROS 1
| #define HAVE__BOOL 1
| #define HAVE_STDBOOL_H 1
| /* end confdefs.h.  */
| #include <ac_nonexistent.h>
configure:5719: checking for uid_t in sys/types.h
configure:5740: result: yes
configure:5751: checking for uint8_t
configure:5751: gcc -c -g -O2  conftest.c >&5
configure:5751: $? = 0
configure:5751: result: yes
configure:5763: checking for uint16_t
configure:5763: gcc -c -g -O2  conftest.c >&5
configure:5763: $? = 0
configure:5763: result: yes
configure:5773: checking for uint32_t
configure:5773: gcc -c -g -O2  conftest.c >&5
configure:5773: $? = 0
configure:5773: result: yes
configure:5785: checking for uint64_t
configure:5785: gcc -c -g -O2  conftest.c >&5
configure:5785: $? = 0
configure:5785: result: yes
configure:5800: checking whether closedir returns void
configure:5821: gcc -c -g -O2  conftest.c >&5
configure:5821: $? = 0
configure:5829: result: no
configure:5837: checking whether lstat correctly handles trailing slash
configure:5870: gcc -o conftest -g -O2   conftest.c -lm -landroid-support >&5
configure:5870: $? = 0
configure:5870: ./conftest
WARNING: linker: ./conftest: unused DT entry: type 0x6ffffef5 arg 0x2d0
configure:5870: $? = 0
configure:5888: result: yes
configure:5905: checking whether stat accepts an empty string
configure:5927: gcc -o conftest -g -O2   conftest.c -lm -landroid-support >&5
configure:5927: $? = 0
configure:5927: ./conftest
WARNING: linker: ./conftest: unused DT entry: type 0x6ffffef5 arg 0x2d0
configure:5927: $? = 0
configure:5938: result: no
configure:5952: checking for clock_gettime
configure:5952: gcc -o conftest -g -O2   conftest.c -lm -landroid-support >&5
configure:5952: $? = 0
configure:5952: result: yes
configure:5958: checking for faccessat
configure:5958: gcc -o conftest -g -O2   conftest.c -lm -landroid-support >&5
configure:5958: $? = 0
configure:5958: result: yes
configure:5964: checking for fstatat
configure:5964: gcc -o conftest -g -O2   conftest.c -lm -landroid-support >&5
configure:5964: $? = 0
configure:5964: result: yes
configure:5970: checking for host_get_clock_service
configure:5970: gcc -o conftest -g -O2   conftest.c -lm -landroid-support >&5
/data/data/com.termux/files/usr/bin/ld: /data/data/com.termux/files/usr/tmp/cczmUc95.o: in function `main':
/data/data/com.termux/files/home/tmp/htop/conftest.c:81: undefined reference to `host_get_clock_service'
collect2: error: ld returned 1 exit status
configure:5970: $? = 1
configure: failed program was:
| /* confdefs.h */
| #define PACKAGE_NAME "htop"
| #define PACKAGE_TARNAME "htop"
| #define PACKAGE_VERSION "3.0.6-dev"
| #define PACKAGE_STRING "htop 3.0.6-dev"
| #define PACKAGE_BUGREPORT "htop@groups.io"
| #define PACKAGE_URL ""
| #define PACKAGE "htop"
| #define VERSION "3.0.6-dev"
| #define HAVE_STDIO_H 1
| #define HAVE_STDLIB_H 1
| #define HAVE_STRING_H 1
| #define HAVE_INTTYPES_H 1
| #define HAVE_STDINT_H 1
| #define HAVE_STRINGS_H 1
| #define HAVE_SYS_STAT_H 1
| #define HAVE_SYS_TYPES_H 1
| #define HAVE_UNISTD_H 1
| #define HAVE_WCHAR_H 1
| #define STDC_HEADERS 1
| #define _ALL_SOURCE 1
| #define _DARWIN_C_SOURCE 1
| #define _GNU_SOURCE 1
| #define _HPUX_ALT_XOPEN_SOCKET_API 1
| #define _NETBSD_SOURCE 1
| #define _OPENBSD_SOURCE 1
| #define _POSIX_PTHREAD_SEMANTICS 1
| #define __STDC_WANT_IEC_60559_ATTRIBS_EXT__ 1
| #define __STDC_WANT_IEC_60559_BFP_EXT__ 1
| #define __STDC_WANT_IEC_60559_DFP_EXT__ 1
| #define __STDC_WANT_IEC_60559_FUNCS_EXT__ 1
| #define __STDC_WANT_IEC_60559_TYPES_EXT__ 1
| #define __STDC_WANT_LIB_EXT2__ 1
| #define __STDC_WANT_MATH_SPEC_FUNCS__ 1
| #define _TANDEM_SOURCE 1
| #define __EXTENSIONS__ 1
| #define HTOP_LINUX /**/
| #define HAVE_LIBM 1
| #define HAVE_DIRENT_H 1
| #define HAVE_STDLIB_H 1
| #define HAVE_STRING_H 1
| #define HAVE_STRINGS_H 1
| #define HAVE_SYS_PARAM_H 1
| #define HAVE_SYS_TIME_H 1
| #define HAVE_UNISTD_H 1
| #define MAJOR_IN_SYSMACROS 1
| #define HAVE__BOOL 1
| #define HAVE_STDBOOL_H 1
| #define LSTAT_FOLLOWS_SLASHED_SYMLINK 1
| #define HAVE_CLOCK_GETTIME 1
| #define HAVE_FACCESSAT 1
| #define HAVE_FSTATAT 1
| /* end confdefs.h.  */
| /* Define host_get_clock_service to an innocuous variant, in case <limits.h> declares host_get_clock_service.
|    For example, HP-UX 11i <limits.h> declares gettimeofday.  */
| #define host_get_clock_service innocuous_host_get_clock_service
| 
| /* System header to define __stub macros and hopefully few prototypes,
|    which can conflict with char host_get_clock_service (); below.  */
| 
| #include <limits.h>
| #undef host_get_clock_service
| 
| /* Override any GCC internal prototype to avoid an error.
|    Use char because int might match the return type of a GCC
|    builtin and then its argument prototype would still apply.  */
| #ifdef __cplusplus
| extern "C"
| #endif
| char host_get_clock_service ();
| /* The GNU C library defines this for functions which it implements
|     to always fail with ENOSYS.  Some functions are actually named
|     something starting with __ and the normal name is an alias.  */
| #if defined __stub_host_get_clock_service || defined __stub___host_get_clock_service
| choke me
| #endif
| 
| int
| main (void)
| {
| return host_get_clock_service ();
|   ;
|   return 0;
| }
configure:5970: result: no
configure:5976: checking for openat
configure:5976: gcc -o conftest -g -O2   conftest.c -lm -landroid-support >&5
configure:5976: $? = 0
configure:5976: result: yes
configure:5982: checking for readlinkat
configure:5982: gcc -o conftest -g -O2   conftest.c -lm -landroid-support >&5
configure:5982: $? = 0
configure:5982: result: yes
configure:5990: checking for library containing dlopen
configure:6020: gcc -o conftest -g -O2   conftest.c -lm -landroid-support >&5
configure:6020: $? = 0
configure:6040: result: none required
configure:6049: checking for library containing clock_gettime
configure:6079: gcc -o conftest -g -O2   conftest.c -lm -landroid-support >&5
configure:6079: $? = 0
configure:6099: result: none required
configure:6111: checking whether cc -std=c99 option works
configure:6124: gcc -c -g -O2 -std=c99  conftest.c >&5
configure:6124: $? = 0
configure:6126: result: yes
configure:6135: checking for library containing backtrace
configure:6165: gcc -o conftest -g -O2   conftest.c -lm -landroid-support >&5
/data/data/com.termux/files/usr/bin/ld: /data/data/com.termux/files/usr/tmp/cc9l08Yk.o: in function `main':
/data/data/com.termux/files/home/tmp/htop/conftest.c:64: undefined reference to `backtrace'
collect2: error: ld returned 1 exit status
configure:6165: $? = 1
configure: failed program was:
| /* confdefs.h */
| #define PACKAGE_NAME "htop"
| #define PACKAGE_TARNAME "htop"
| #define PACKAGE_VERSION "3.0.6-dev"
| #define PACKAGE_STRING "htop 3.0.6-dev"
| #define PACKAGE_BUGREPORT "htop@groups.io"
| #define PACKAGE_URL ""
| #define PACKAGE "htop"
| #define VERSION "3.0.6-dev"
| #define HAVE_STDIO_H 1
| #define HAVE_STDLIB_H 1
| #define HAVE_STRING_H 1
| #define HAVE_INTTYPES_H 1
| #define HAVE_STDINT_H 1
| #define HAVE_STRINGS_H 1
| #define HAVE_SYS_STAT_H 1
| #define HAVE_SYS_TYPES_H 1
| #define HAVE_UNISTD_H 1
| #define HAVE_WCHAR_H 1
| #define STDC_HEADERS 1
| #define _ALL_SOURCE 1
| #define _DARWIN_C_SOURCE 1
| #define _GNU_SOURCE 1
| #define _HPUX_ALT_XOPEN_SOCKET_API 1
| #define _NETBSD_SOURCE 1
| #define _OPENBSD_SOURCE 1
| #define _POSIX_PTHREAD_SEMANTICS 1
| #define __STDC_WANT_IEC_60559_ATTRIBS_EXT__ 1
| #define __STDC_WANT_IEC_60559_BFP_EXT__ 1
| #define __STDC_WANT_IEC_60559_DFP_EXT__ 1
| #define __STDC_WANT_IEC_60559_FUNCS_EXT__ 1
| #define __STDC_WANT_IEC_60559_TYPES_EXT__ 1
| #define __STDC_WANT_LIB_EXT2__ 1
| #define __STDC_WANT_MATH_SPEC_FUNCS__ 1
| #define _TANDEM_SOURCE 1
| #define __EXTENSIONS__ 1
| #define HTOP_LINUX /**/
| #define HAVE_LIBM 1
| #define HAVE_DIRENT_H 1
| #define HAVE_STDLIB_H 1
| #define HAVE_STRING_H 1
| #define HAVE_STRINGS_H 1
| #define HAVE_SYS_PARAM_H 1
| #define HAVE_SYS_TIME_H 1
| #define HAVE_UNISTD_H 1
| #define MAJOR_IN_SYSMACROS 1
| #define HAVE__BOOL 1
| #define HAVE_STDBOOL_H 1
| #define LSTAT_FOLLOWS_SLASHED_SYMLINK 1
| #define HAVE_CLOCK_GETTIME 1
| #define HAVE_FACCESSAT 1
| #define HAVE_FSTATAT 1
| #define HAVE_OPENAT 1
| #define HAVE_READLINKAT 1
| /* end confdefs.h.  */
| 
| /* Override any GCC internal prototype to avoid an error.
|    Use char because int might match the return type of a GCC
|    builtin and then its argument prototype would still apply.  */
| char backtrace ();
| int
| main (void)
| {
| return backtrace ();
|   ;
|   return 0;
| }
configure:6165: gcc -o conftest -g -O2   conftest.c -lexecinfo  -lm -landroid-support >&5
/data/data/com.termux/files/usr/bin/ld: cannot find -lexecinfo
collect2: error: ld returned 1 exit status
configure:6165: $? = 1
configure: failed program was:
| /* confdefs.h */
| #define PACKAGE_NAME "htop"
| #define PACKAGE_TARNAME "htop"
| #define PACKAGE_VERSION "3.0.6-dev"
| #define PACKAGE_STRING "htop 3.0.6-dev"
| #define PACKAGE_BUGREPORT "htop@groups.io"
| #define PACKAGE_URL ""
| #define PACKAGE "htop"
| #define VERSION "3.0.6-dev"
| #define HAVE_STDIO_H 1
| #define HAVE_STDLIB_H 1
| #define HAVE_STRING_H 1
| #define HAVE_INTTYPES_H 1
| #define HAVE_STDINT_H 1
| #define HAVE_STRINGS_H 1
| #define HAVE_SYS_STAT_H 1
| #define HAVE_SYS_TYPES_H 1
| #define HAVE_UNISTD_H 1
| #define HAVE_WCHAR_H 1
| #define STDC_HEADERS 1
| #define _ALL_SOURCE 1
| #define _DARWIN_C_SOURCE 1
| #define _GNU_SOURCE 1
| #define _HPUX_ALT_XOPEN_SOCKET_API 1
| #define _NETBSD_SOURCE 1
| #define _OPENBSD_SOURCE 1
| #define _POSIX_PTHREAD_SEMANTICS 1
| #define __STDC_WANT_IEC_60559_ATTRIBS_EXT__ 1
| #define __STDC_WANT_IEC_60559_BFP_EXT__ 1
| #define __STDC_WANT_IEC_60559_DFP_EXT__ 1
| #define __STDC_WANT_IEC_60559_FUNCS_EXT__ 1
| #define __STDC_WANT_IEC_60559_TYPES_EXT__ 1
| #define __STDC_WANT_LIB_EXT2__ 1
| #define __STDC_WANT_MATH_SPEC_FUNCS__ 1
| #define _TANDEM_SOURCE 1
| #define __EXTENSIONS__ 1
| #define HTOP_LINUX /**/
| #define HAVE_LIBM 1
| #define HAVE_DIRENT_H 1
| #define HAVE_STDLIB_H 1
| #define HAVE_STRING_H 1
| #define HAVE_STRINGS_H 1
| #define HAVE_SYS_PARAM_H 1
| #define HAVE_SYS_TIME_H 1
| #define HAVE_UNISTD_H 1
| #define MAJOR_IN_SYSMACROS 1
| #define HAVE__BOOL 1
| #define HAVE_STDBOOL_H 1
| #define LSTAT_FOLLOWS_SLASHED_SYMLINK 1
| #define HAVE_CLOCK_GETTIME 1
| #define HAVE_FACCESSAT 1
| #define HAVE_FSTATAT 1
| #define HAVE_OPENAT 1
| #define HAVE_READLINKAT 1
| /* end confdefs.h.  */
| 
| /* Override any GCC internal prototype to avoid an error.
|    Use char because int might match the return type of a GCC
|    builtin and then its argument prototype would still apply.  */
| char backtrace ();
| int
| main (void)
| {
| return backtrace ();
|   ;
|   return 0;
| }
configure:6185: result: no
configure:6196: checking for library containing devstat_checkversion
configure:6226: gcc -o conftest -g -O2   conftest.c -lm -landroid-support >&5
/data/data/com.termux/files/usr/bin/ld: /data/data/com.termux/files/usr/tmp/ccEVrInp.o: in function `main':
/data/data/com.termux/files/home/tmp/htop/conftest.c:64: undefined reference to `devstat_checkversion'
collect2: error: ld returned 1 exit status
configure:6226: $? = 1
configure: failed program was:
| /* confdefs.h */
| #define PACKAGE_NAME "htop"
| #define PACKAGE_TARNAME "htop"
| #define PACKAGE_VERSION "3.0.6-dev"
| #define PACKAGE_STRING "htop 3.0.6-dev"
| #define PACKAGE_BUGREPORT "htop@groups.io"
| #define PACKAGE_URL ""
| #define PACKAGE "htop"
| #define VERSION "3.0.6-dev"
| #define HAVE_STDIO_H 1
| #define HAVE_STDLIB_H 1
| #define HAVE_STRING_H 1
| #define HAVE_INTTYPES_H 1
| #define HAVE_STDINT_H 1
| #define HAVE_STRINGS_H 1
| #define HAVE_SYS_STAT_H 1
| #define HAVE_SYS_TYPES_H 1
| #define HAVE_UNISTD_H 1
| #define HAVE_WCHAR_H 1
| #define STDC_HEADERS 1
| #define _ALL_SOURCE 1
| #define _DARWIN_C_SOURCE 1
| #define _GNU_SOURCE 1
| #define _HPUX_ALT_XOPEN_SOCKET_API 1
| #define _NETBSD_SOURCE 1
| #define _OPENBSD_SOURCE 1
| #define _POSIX_PTHREAD_SEMANTICS 1
| #define __STDC_WANT_IEC_60559_ATTRIBS_EXT__ 1
| #define __STDC_WANT_IEC_60559_BFP_EXT__ 1
| #define __STDC_WANT_IEC_60559_DFP_EXT__ 1
| #define __STDC_WANT_IEC_60559_FUNCS_EXT__ 1
| #define __STDC_WANT_IEC_60559_TYPES_EXT__ 1
| #define __STDC_WANT_LIB_EXT2__ 1
| #define __STDC_WANT_MATH_SPEC_FUNCS__ 1
| #define _TANDEM_SOURCE 1
| #define __EXTENSIONS__ 1
| #define HTOP_LINUX /**/
| #define HAVE_LIBM 1
| #define HAVE_DIRENT_H 1
| #define HAVE_STDLIB_H 1
| #define HAVE_STRING_H 1
| #define HAVE_STRINGS_H 1
| #define HAVE_SYS_PARAM_H 1
| #define HAVE_SYS_TIME_H 1
| #define HAVE_UNISTD_H 1
| #define MAJOR_IN_SYSMACROS 1
| #define HAVE__BOOL 1
| #define HAVE_STDBOOL_H 1
| #define LSTAT_FOLLOWS_SLASHED_SYMLINK 1
| #define HAVE_CLOCK_GETTIME 1
| #define HAVE_FACCESSAT 1
| #define HAVE_FSTATAT 1
| #define HAVE_OPENAT 1
| #define HAVE_READLINKAT 1
| /* end confdefs.h.  */
| 
| /* Override any GCC internal prototype to avoid an error.
|    Use char because int might match the return type of a GCC
|    builtin and then its argument prototype would still apply.  */
| char devstat_checkversion ();
| int
| main (void)
| {
| return devstat_checkversion ();
|   ;
|   return 0;
| }
configure:6226: gcc -o conftest -g -O2   conftest.c -ldevstat  -lm -landroid-support >&5
/data/data/com.termux/files/usr/bin/ld: cannot find -ldevstat
collect2: error: ld returned 1 exit status
configure:6226: $? = 1
configure: failed program was:
| /* confdefs.h */
| #define PACKAGE_NAME "htop"
| #define PACKAGE_TARNAME "htop"
| #define PACKAGE_VERSION "3.0.6-dev"
| #define PACKAGE_STRING "htop 3.0.6-dev"
| #define PACKAGE_BUGREPORT "htop@groups.io"
| #define PACKAGE_URL ""
| #define PACKAGE "htop"
| #define VERSION "3.0.6-dev"
| #define HAVE_STDIO_H 1
| #define HAVE_STDLIB_H 1
| #define HAVE_STRING_H 1
| #define HAVE_INTTYPES_H 1
| #define HAVE_STDINT_H 1
| #define HAVE_STRINGS_H 1
| #define HAVE_SYS_STAT_H 1
| #define HAVE_SYS_TYPES_H 1
| #define HAVE_UNISTD_H 1
| #define HAVE_WCHAR_H 1
| #define STDC_HEADERS 1
| #define _ALL_SOURCE 1
| #define _DARWIN_C_SOURCE 1
| #define _GNU_SOURCE 1
| #define _HPUX_ALT_XOPEN_SOCKET_API 1
| #define _NETBSD_SOURCE 1
| #define _OPENBSD_SOURCE 1
| #define _POSIX_PTHREAD_SEMANTICS 1
| #define __STDC_WANT_IEC_60559_ATTRIBS_EXT__ 1
| #define __STDC_WANT_IEC_60559_BFP_EXT__ 1
| #define __STDC_WANT_IEC_60559_DFP_EXT__ 1
| #define __STDC_WANT_IEC_60559_FUNCS_EXT__ 1
| #define __STDC_WANT_IEC_60559_TYPES_EXT__ 1
| #define __STDC_WANT_LIB_EXT2__ 1
| #define __STDC_WANT_MATH_SPEC_FUNCS__ 1
| #define _TANDEM_SOURCE 1
| #define __EXTENSIONS__ 1
| #define HTOP_LINUX /**/
| #define HAVE_LIBM 1
| #define HAVE_DIRENT_H 1
| #define HAVE_STDLIB_H 1
| #define HAVE_STRING_H 1
| #define HAVE_STRINGS_H 1
| #define HAVE_SYS_PARAM_H 1
| #define HAVE_SYS_TIME_H 1
| #define HAVE_UNISTD_H 1
| #define MAJOR_IN_SYSMACROS 1
| #define HAVE__BOOL 1
| #define HAVE_STDBOOL_H 1
| #define LSTAT_FOLLOWS_SLASHED_SYMLINK 1
| #define HAVE_CLOCK_GETTIME 1
| #define HAVE_FACCESSAT 1
| #define HAVE_FSTATAT 1
| #define HAVE_OPENAT 1
| #define HAVE_READLINKAT 1
| /* end confdefs.h.  */
| 
| /* Override any GCC internal prototype to avoid an error.
|    Use char because int might match the return type of a GCC
|    builtin and then its argument prototype would still apply.  */
| char devstat_checkversion ();
| int
| main (void)
| {
| return devstat_checkversion ();
|   ;
|   return 0;
| }
configure:6246: result: no
configure:6353: checking for addnwstr in -lncursesw6
configure:6386: result: yes
configure:6768: checking for ncursesw/curses.h
configure:6768: gcc -c -D_XOPEN_SOURCE=600 -I/data/data/com.termux/files/usr/include -g -O2  conftest.c >&5
configure:6768: $? = 0
configure:6768: result: yes
configure:6814: checking for library containing keypad
configure:6844: gcc -o conftest -D_XOPEN_SOURCE=600 -I/data/data/com.termux/files/usr/include -g -O2   conftest.c -L/data/data/com.termux/files/usr/lib -lncursesw -lm -landroid-support  >&5
configure:6844: $? = 0
configure:6864: result: none required
configure:7601: checking for usable sched_setaffinity
configure:7628: gcc -o conftest -D_XOPEN_SOURCE=600 -I/data/data/com.termux/files/usr/include -g -O2   conftest.c -L/data/data/com.termux/files/usr/lib -lncursesw -lm -landroid-support  >&5
configure:7628: $? = 0
configure:7628: ./conftest
WARNING: linker: ./conftest: unused DT entry: type 0x6ffffef5 arg 0x2d4
configure:7628: $? = 0
configure:7631: result: yes
configure:7780: checking for sensors/sensors.h
configure:7780: gcc -c -D_XOPEN_SOURCE=600 -I/data/data/com.termux/files/usr/include -g -O2  conftest.c >&5
conftest.c:88:10: fatal error: sensors/sensors.h: No such file or directory
 #include <sensors/sensors.h>
          ^~~~~~~~~~~~~~~~~~~
compilation terminated.
configure:7780: $? = 1
configure: failed program was:
| /* confdefs.h */
| #define PACKAGE_NAME "htop"
| #define PACKAGE_TARNAME "htop"
| #define PACKAGE_VERSION "3.0.6-dev"
| #define PACKAGE_STRING "htop 3.0.6-dev"
| #define PACKAGE_BUGREPORT "htop@groups.io"
| #define PACKAGE_URL ""
| #define PACKAGE "htop"
| #define VERSION "3.0.6-dev"
| #define HAVE_STDIO_H 1
| #define HAVE_STDLIB_H 1
| #define HAVE_STRING_H 1
| #define HAVE_INTTYPES_H 1
| #define HAVE_STDINT_H 1
| #define HAVE_STRINGS_H 1
| #define HAVE_SYS_STAT_H 1
| #define HAVE_SYS_TYPES_H 1
| #define HAVE_UNISTD_H 1
| #define HAVE_WCHAR_H 1
| #define STDC_HEADERS 1
| #define _ALL_SOURCE 1
| #define _DARWIN_C_SOURCE 1
| #define _GNU_SOURCE 1
| #define _HPUX_ALT_XOPEN_SOCKET_API 1
| #define _NETBSD_SOURCE 1
| #define _OPENBSD_SOURCE 1
| #define _POSIX_PTHREAD_SEMANTICS 1
| #define __STDC_WANT_IEC_60559_ATTRIBS_EXT__ 1
| #define __STDC_WANT_IEC_60559_BFP_EXT__ 1
| #define __STDC_WANT_IEC_60559_DFP_EXT__ 1
| #define __STDC_WANT_IEC_60559_FUNCS_EXT__ 1
| #define __STDC_WANT_IEC_60559_TYPES_EXT__ 1
| #define __STDC_WANT_LIB_EXT2__ 1
| #define __STDC_WANT_MATH_SPEC_FUNCS__ 1
| #define _TANDEM_SOURCE 1
| #define __EXTENSIONS__ 1
| #define HTOP_LINUX /**/
| #define HAVE_LIBM 1
| #define HAVE_DIRENT_H 1
| #define HAVE_STDLIB_H 1
| #define HAVE_STRING_H 1
| #define HAVE_STRINGS_H 1
| #define HAVE_SYS_PARAM_H 1
| #define HAVE_SYS_TIME_H 1
| #define HAVE_UNISTD_H 1
| #define MAJOR_IN_SYSMACROS 1
| #define HAVE__BOOL 1
| #define HAVE_STDBOOL_H 1
| #define LSTAT_FOLLOWS_SLASHED_SYMLINK 1
| #define HAVE_CLOCK_GETTIME 1
| #define HAVE_FACCESSAT 1
| #define HAVE_FSTATAT 1
| #define HAVE_OPENAT 1
| #define HAVE_READLINKAT 1
| #define PROCDIR "/proc"
| #define HAVE_LIBNCURSESW 1
| #define HAVE_NCURSESW_CURSES_H 1
| #define HAVE_LINUX_AFFINITY 1
| /* end confdefs.h.  */
| #include <stddef.h>
| #ifdef HAVE_STDIO_H
| # include <stdio.h>
| #endif
| #ifdef HAVE_STDLIB_H
| # include <stdlib.h>
| #endif
| #ifdef HAVE_STRING_H
| # include <string.h>
| #endif
| #ifdef HAVE_INTTYPES_H
| # include <inttypes.h>
| #endif
| #ifdef HAVE_STDINT_H
| # include <stdint.h>
| #endif
| #ifdef HAVE_STRINGS_H
| # include <strings.h>
| #endif
| #ifdef HAVE_SYS_TYPES_H
| # include <sys/types.h>
| #endif
| #ifdef HAVE_SYS_STAT_H
| # include <sys/stat.h>
| #endif
| #ifdef HAVE_UNISTD_H
| # include <unistd.h>
| #endif
| #include <sensors/sensors.h>
configure:7780: result: no
configure:7809: checking whether C compiler accepts -Wnull-dereference
configure:7829: gcc -c -D_XOPEN_SOURCE=600 -I/data/data/com.termux/files/usr/include -g -O2 -Werror -Wnull-dereference  conftest.c >&5
configure:7829: $? = 0
configure:7838: result: yes
configure:8063: checking that generated files are newer than configure
configure:8069: result: done
configure:8120: creating ./config.status

## ---------------------- ##
## Running config.status. ##
## ---------------------- ##

This file was extended by htop config.status 3.0.6-dev, which was
generated by GNU Autoconf 2.71.  Invocation command line was

  CONFIG_FILES    = 
  CONFIG_HEADERS  = 
  CONFIG_LINKS    = 
  CONFIG_COMMANDS = 
  $ ./config.status 

on localhost

config.status:917: creating Makefile
config.status:917: creating htop.1
config.status:917: creating config.h
config.status:1146: executing depfiles commands
config.status:1221: cd .       && sed -e '/# am--include-marker/d' Makefile         | make -f - am--depfiles
config.status:1228: $? = 0
configure:9431: WARNING: unrecognized options: --disable-static
configure:9449: result:
  htop 3.0.6-dev

  platform:                  linux
  (Linux) proc directory:    /proc
  (Linux) openvz:            no
  (Linux) vserver:           no
  (Linux) ancient vserver:   no
  (Linux) affinity:          yes
  (Linux) delay accounting:  no
  (Linux) sensors:           no
  (Linux) capabilities:      no
  unicode:                   yes
  hwloc:                     no
  setuid:                    no
  debug:                     no


## ---------------- ##
## Cache variables. ##
## ---------------- ##

ac_cv_build='armv7l-unknown-linux-gnueabi'
ac_cv_c_compiler_gnu='yes'
ac_cv_c_const='yes'
ac_cv_c_uint16_t='yes'
ac_cv_c_uint32_t='yes'
ac_cv_c_uint64_t='yes'
ac_cv_c_uint8_t='yes'
ac_cv_env_CC_set=''
ac_cv_env_CC_value=''
ac_cv_env_CFLAGS_set=''
ac_cv_env_CFLAGS_value=''
ac_cv_env_CPPFLAGS_set=''
ac_cv_env_CPPFLAGS_value=''
ac_cv_env_CPP_set=''
ac_cv_env_CPP_value=''
ac_cv_env_LDFLAGS_set=''
ac_cv_env_LDFLAGS_value=''
ac_cv_env_LIBS_set='set'
ac_cv_env_LIBS_value='-landroid-support'
ac_cv_env_build_alias_set=''
ac_cv_env_build_alias_value=''
ac_cv_env_host_alias_set=''
ac_cv_env_host_alias_value=''
ac_cv_env_target_alias_set=''
ac_cv_env_target_alias_value=''
ac_cv_func_clock_gettime='yes'
ac_cv_func_closedir_void='no'
ac_cv_func_faccessat='yes'
ac_cv_func_fstatat='yes'
ac_cv_func_host_get_clock_service='no'
ac_cv_func_lstat_dereferences_slashed_symlink='yes'
ac_cv_func_openat='yes'
ac_cv_func_readlinkat='yes'
ac_cv_func_stat_empty_string_bug='no'
ac_cv_header_dirent_dirent_h='yes'
ac_cv_header_execinfo_h='no'
ac_cv_header_inttypes_h='yes'
ac_cv_header_minix_config_h='no'
ac_cv_header_ncursesw_curses_h='yes'
ac_cv_header_sensors_sensors_h='no'
ac_cv_header_stdbool_h='yes'
ac_cv_header_stdint_h='yes'
ac_cv_header_stdio_h='yes'
ac_cv_header_stdlib_h='yes'
ac_cv_header_string_h='yes'
ac_cv_header_strings_h='yes'
ac_cv_header_sys_mkdev_h='no'
ac_cv_header_sys_param_h='yes'
ac_cv_header_sys_stat_h='yes'
ac_cv_header_sys_sysmacros_h='yes'
ac_cv_header_sys_time_h='yes'
ac_cv_header_sys_types_h='yes'
ac_cv_header_unistd_h='yes'
ac_cv_header_wchar_h='yes'
ac_cv_host='armv7l-unknown-linux-gnueabi'
ac_cv_lib_m_ceil='yes'
ac_cv_lib_ncursesw6_addnwstr='yes'
ac_cv_objext='o'
ac_cv_path_EGREP='/data/data/com.termux/files/usr/bin/grep -E'
ac_cv_path_GREP='/data/data/com.termux/files/usr/bin/grep'
ac_cv_path_install='/data/data/com.termux/files/usr/bin/install -c'
ac_cv_path_mkdir='/data/data/com.termux/files/usr/bin/mkdir'
ac_cv_prog_AWK='gawk'
ac_cv_prog_CPP='gcc -E'
ac_cv_prog_ac_ct_CC='gcc'
ac_cv_prog_cc_c11=''
ac_cv_prog_cc_g='yes'
ac_cv_prog_cc_stdc=''
ac_cv_prog_make_make_set='yes'
ac_cv_safe_to_define___extensions__='yes'
ac_cv_search_backtrace='no'
ac_cv_search_clock_gettime='none required'
ac_cv_search_devstat_checkversion='no'
ac_cv_search_dlopen='none required'
ac_cv_search_keypad='none required'
ac_cv_search_opendir='none required'
ac_cv_should_define__xopen_source='no'
ac_cv_target='armv7l-unknown-linux-gnueabi'
ac_cv_type__Bool='yes'
ac_cv_type_pid_t='yes'
ac_cv_type_uid_t='yes'
am_cv_CC_dependencies_compiler_type='gcc3'
am_cv_make_support_nested_variables='yes'
am_cv_prog_cc_c_o='yes'
ax_cv_check_cflags__Werror__Wnull_dereference='yes'

## ----------------- ##
## Output variables. ##
## ----------------- ##

ACLOCAL='${SHELL} '\''/data/data/com.termux/files/home/tmp/htop/missing'\'' aclocal-1.16'
AMDEPBACKSLASH='\'
AMDEP_FALSE='#'
AMDEP_TRUE=''
AMTAR='$${TAR-tar}'
AM_BACKSLASH='\'
AM_CFLAGS=' -Wall -Wcast-align -Wcast-qual -Wextra -Wfloat-equal -Wformat=2 -Wmissing-format-attribute -Wmissing-noreturn -Wmissing-prototypes -Wpointer-arith -Wshadow -Wstrict-prototypes -Wundef -Wunused -Wwrite-strings -Wnull-dereference'
AM_CPPFLAGS=' -DNDEBUG'
AM_DEFAULT_V='$(AM_DEFAULT_VERBOSITY)'
AM_DEFAULT_VERBOSITY='1'
AM_V='$(V)'
AUTOCONF='${SHELL} '\''/data/data/com.termux/files/home/tmp/htop/missing'\'' autoconf'
AUTOHEADER='${SHELL} '\''/data/data/com.termux/files/home/tmp/htop/missing'\'' autoheader'
AUTOMAKE='${SHELL} '\''/data/data/com.termux/files/home/tmp/htop/missing'\'' automake-1.16'
AWK='gawk'
CC='gcc'
CCDEPMODE='depmode=gcc3'
CFLAGS='-D_XOPEN_SOURCE=600 -I/data/data/com.termux/files/usr/include -g -O2'
CPP='gcc -E'
CPPFLAGS=''
CYGPATH_W='echo'
DEFS='-DHAVE_CONFIG_H'
DEPDIR='.deps'
ECHO_C=''
ECHO_N='-n'
ECHO_T=''
EGREP='/data/data/com.termux/files/usr/bin/grep -E'
EXEEXT=''
GREP='/data/data/com.termux/files/usr/bin/grep'
HTOP_DARWIN_FALSE=''
HTOP_DARWIN_TRUE='#'
HTOP_DRAGONFLYBSD_FALSE=''
HTOP_DRAGONFLYBSD_TRUE='#'
HTOP_FREEBSD_FALSE=''
HTOP_FREEBSD_TRUE='#'
HTOP_LINUX_FALSE='#'
HTOP_LINUX_TRUE=''
HTOP_OPENBSD_FALSE=''
HTOP_OPENBSD_TRUE='#'
HTOP_SOLARIS_FALSE=''
HTOP_SOLARIS_TRUE='#'
HTOP_UNSUPPORTED_FALSE=''
HTOP_UNSUPPORTED_TRUE='#'
INSTALL_DATA='${INSTALL} -m 644'
INSTALL_PROGRAM='${INSTALL}'
INSTALL_SCRIPT='${INSTALL}'
INSTALL_STRIP_PROGRAM='$(install_sh) -c -s'
LDFLAGS=''
LIBOBJS=''
LIBS='-L/data/data/com.termux/files/usr/lib -lncursesw -lm -landroid-support '
LTLIBOBJS=''
MAKEINFO='${SHELL} '\''/data/data/com.termux/files/home/tmp/htop/missing'\'' makeinfo'
MKDIR_P='/data/data/com.termux/files/usr/bin/mkdir -p'
OBJEXT='o'
PACKAGE='htop'
PACKAGE_BUGREPORT='htop@groups.io'
PACKAGE_NAME='htop'
PACKAGE_STRING='htop 3.0.6-dev'
PACKAGE_TARNAME='htop'
PACKAGE_URL=''
PACKAGE_VERSION='3.0.6-dev'
PATH_SEPARATOR=':'
SET_MAKE=''
SHELL='/bin/sh'
STRIP=''
VERSION='3.0.6-dev'
ac_ct_CC='gcc'
am__EXEEXT_FALSE=''
am__EXEEXT_TRUE='#'
am__fastdepCC_FALSE='#'
am__fastdepCC_TRUE=''
am__include='include'
am__isrc=''
am__leading_dot='.'
am__nodep='_no'
am__quote=''
am__tar='$${TAR-tar} chof - "$$tardir"'
am__untar='$${TAR-tar} xf -'
bindir='${exec_prefix}/bin'
build='armv7l-unknown-linux-gnueabi'
build_alias=''
build_cpu='armv7l'
build_os='linux-gnueabi'
build_vendor='unknown'
datadir='${datarootdir}'
datarootdir='${prefix}/share'
docdir='${datarootdir}/doc/${PACKAGE_TARNAME}'
dvidir='${docdir}'
exec_prefix='${prefix}'
host='armv7l-unknown-linux-gnueabi'
host_alias=''
host_cpu='armv7l'
host_os='linux-gnueabi'
host_vendor='unknown'
htmldir='${docdir}'
includedir='${prefix}/include'
infodir='${datarootdir}/info'
install_sh='${SHELL} /data/data/com.termux/files/home/tmp/htop/install-sh'
libdir='${exec_prefix}/lib'
libexecdir='${exec_prefix}/libexec'
localedir='${datarootdir}/locale'
localstatedir='${prefix}/var'
mandir='${datarootdir}/man'
mkdir_p='$(MKDIR_P)'
my_htop_platform='linux'
oldincludedir='/usr/include'
pdfdir='${docdir}'
prefix='/data/data/com.termux/files/home/.local'
program_transform_name='s,x,x,'
psdir='${docdir}'
runstatedir='${localstatedir}/run'
sbindir='${exec_prefix}/sbin'
sharedstatedir='${prefix}/com'
sysconfdir='${prefix}/etc'
target='armv7l-unknown-linux-gnueabi'
target_alias=''
target_cpu='armv7l'
target_os='linux-gnueabi'
target_vendor='unknown'

## ----------- ##
## confdefs.h. ##
## ----------- ##

/* confdefs.h */
#define PACKAGE_NAME "htop"
#define PACKAGE_TARNAME "htop"
#define PACKAGE_VERSION "3.0.6-dev"
#define PACKAGE_STRING "htop 3.0.6-dev"
#define PACKAGE_BUGREPORT "htop@groups.io"
#define PACKAGE_URL ""
#define PACKAGE "htop"
#define VERSION "3.0.6-dev"
#define HAVE_STDIO_H 1
#define HAVE_STDLIB_H 1
#define HAVE_STRING_H 1
#define HAVE_INTTYPES_H 1
#define HAVE_STDINT_H 1
#define HAVE_STRINGS_H 1
#define HAVE_SYS_STAT_H 1
#define HAVE_SYS_TYPES_H 1
#define HAVE_UNISTD_H 1
#define HAVE_WCHAR_H 1
#define STDC_HEADERS 1
#define _ALL_SOURCE 1
#define _DARWIN_C_SOURCE 1
#define _GNU_SOURCE 1
#define _HPUX_ALT_XOPEN_SOCKET_API 1
#define _NETBSD_SOURCE 1
#define _OPENBSD_SOURCE 1
#define _POSIX_PTHREAD_SEMANTICS 1
#define __STDC_WANT_IEC_60559_ATTRIBS_EXT__ 1
#define __STDC_WANT_IEC_60559_BFP_EXT__ 1
#define __STDC_WANT_IEC_60559_DFP_EXT__ 1
#define __STDC_WANT_IEC_60559_FUNCS_EXT__ 1
#define __STDC_WANT_IEC_60559_TYPES_EXT__ 1
#define __STDC_WANT_LIB_EXT2__ 1
#define __STDC_WANT_MATH_SPEC_FUNCS__ 1
#define _TANDEM_SOURCE 1
#define __EXTENSIONS__ 1
#define HTOP_LINUX /**/
#define HAVE_LIBM 1
#define HAVE_DIRENT_H 1
#define HAVE_STDLIB_H 1
#define HAVE_STRING_H 1
#define HAVE_STRINGS_H 1
#define HAVE_SYS_PARAM_H 1
#define HAVE_SYS_TIME_H 1
#define HAVE_UNISTD_H 1
#define MAJOR_IN_SYSMACROS 1
#define HAVE__BOOL 1
#define HAVE_STDBOOL_H 1
#define LSTAT_FOLLOWS_SLASHED_SYMLINK 1
#define HAVE_CLOCK_GETTIME 1
#define HAVE_FACCESSAT 1
#define HAVE_FSTATAT 1
#define HAVE_OPENAT 1
#define HAVE_READLINKAT 1
#define PROCDIR "/proc"
#define HAVE_LIBNCURSESW 1
#define HAVE_NCURSESW_CURSES_H 1
#define HAVE_LINUX_AFFINITY 1
#define COPYRIGHT "(C) 2004-2019 Hisham Muhammad. (C) 2020 htop dev team."

configure: exit 0
